  Uic'ing AboutWin.ui...
  Uic'ing HelpWin.ui...
  Rcc'ing PoPoints.qrc...
  Moc'ing AboutWin.h...
   D:\everglow\PoPoints\PoPoints\PoPoints.qrc: Warning: potential duplicate alias detected: 'about.png'
  Moc'ing HelpWin.h...
  moc_AboutWin.cpp
  moc_HelpWin.cpp
  moc_PoPoints.cpp
  qrc_PoPoints.cpp
  AboutWin.cpp
  HelpWin.cpp
  PoPoints.cpp
  main.cpp
  Unknown compiler version - please run the configure tests and report the results
  Unknown compiler version - please run the configure tests and report the results
  Unknown compiler version - please run the configure tests and report the results
d:\pcl\pcl 1.8.1\include\pcl-1.8\pcl\point_traits.h : warning C4819: 该文件包含不能在当前代码页(936)中表示的字符。请将该文件保存为 Unicode 格式以防止数据丢失 (编译源文件 .\GeneratedFiles\Debug\moc_PoPoints.cpp)
d:\pcl\pcl 1.8.1\include\pcl-1.8\pcl\point_traits.h : warning C4819: 该文件包含不能在当前代码页(936)中表示的字符。请将该文件保存为 Unicode 格式以防止数据丢失 (编译源文件 main.cpp)
d:\pcl\pcl 1.8.1\include\pcl-1.8\pcl\point_traits.h : warning C4819: 该文件包含不能在当前代码页(936)中表示的字符。请将该文件保存为 Unicode 格式以防止数据丢失 (编译源文件 PoPoints.cpp)
d:\pcl\pcl 1.8.1\include\pcl-1.8\pcl\visualization\interactor_style.h : warning C4819: 该文件包含不能在当前代码页(936)中表示的字符。请将该文件保存为 Unicode 格式以防止数据丢失 (编译源文件 main.cpp)
d:\pcl\pcl 1.8.1\include\pcl-1.8\pcl\visualization\interactor_style.h : warning C4819: 该文件包含不能在当前代码页(936)中表示的字符。请将该文件保存为 Unicode 格式以防止数据丢失 (编译源文件 .\GeneratedFiles\Debug\moc_PoPoints.cpp)
d:\pcl\pcl 1.8.1\include\pcl-1.8\pcl\visualization\interactor_style.h : warning C4819: 该文件包含不能在当前代码页(936)中表示的字符。请将该文件保存为 Unicode 格式以防止数据丢失 (编译源文件 PoPoints.cpp)
d:\pcl\pcl 1.8.1\include\pcl-1.8\pcl\visualization\pcl_visualizer.h(1584): warning C4819: 该文件包含不能在当前代码页(936)中表示的字符。请将该文件保存为 Unicode 格式以防止数据丢失 (编译源文件 .\GeneratedFiles\Debug\moc_PoPoints.cpp)
d:\pcl\pcl 1.8.1\include\pcl-1.8\pcl\visualization\pcl_visualizer.h(1584): warning C4819: 该文件包含不能在当前代码页(936)中表示的字符。请将该文件保存为 Unicode 格式以防止数据丢失 (编译源文件 PoPoints.cpp)
d:\pcl\pcl 1.8.1\include\pcl-1.8\pcl\visualization\pcl_visualizer.h(1584): warning C4819: 该文件包含不能在当前代码页(936)中表示的字符。请将该文件保存为 Unicode 格式以防止数据丢失 (编译源文件 main.cpp)
d:\pcl\pcl 1.8.1\include\pcl-1.8\pcl\sample_consensus\ransac.h : warning C4819: 该文件包含不能在当前代码页(936)中表示的字符。请将该文件保存为 Unicode 格式以防止数据丢失 (编译源文件 PoPoints.cpp)
d:\pcl\pcl 1.8.1\include\pcl-1.8\pcl\sample_consensus\ransac.h : warning C4819: 该文件包含不能在当前代码页(936)中表示的字符。请将该文件保存为 Unicode 格式以防止数据丢失 (编译源文件 .\GeneratedFiles\Debug\moc_PoPoints.cpp)
d:\pcl\pcl 1.8.1\include\pcl-1.8\pcl\sample_consensus\ransac.h : warning C4819: 该文件包含不能在当前代码页(936)中表示的字符。请将该文件保存为 Unicode 格式以防止数据丢失 (编译源文件 main.cpp)
d:\pcl\pcl 1.8.1\include\pcl-1.8\pcl\sample_consensus\sac_model_registration.h : warning C4819: 该文件包含不能在当前代码页(936)中表示的字符。请将该文件保存为 Unicode 格式以防止数据丢失 (编译源文件 PoPoints.cpp)
d:\pcl\pcl 1.8.1\include\pcl-1.8\pcl\sample_consensus\sac_model_registration.h : warning C4819: 该文件包含不能在当前代码页(936)中表示的字符。请将该文件保存为 Unicode 格式以防止数据丢失 (编译源文件 .\GeneratedFiles\Debug\moc_PoPoints.cpp)
d:\pcl\pcl 1.8.1\include\pcl-1.8\pcl\sample_consensus\sac_model_registration.h : warning C4819: 该文件包含不能在当前代码页(936)中表示的字符。请将该文件保存为 Unicode 格式以防止数据丢失 (编译源文件 main.cpp)
d:\pcl\pcl 1.8.1\include\pcl-1.8\pcl\sample_consensus\sac_model_registration.h : warning C4819: 该文件包含不能在当前代码页(936)中表示的字符。请将该文件保存为 Unicode 格式以防止数据丢失 (编译源文件 PoPoints.cpp)
d:\pcl\pcl 1.8.1\include\pcl-1.8\pcl\sample_consensus\sac_model_registration.h : warning C4819: 该文件包含不能在当前代码页(936)中表示的字符。请将该文件保存为 Unicode 格式以防止数据丢失 (编译源文件 main.cpp)
d:\pcl\pcl 1.8.1\include\pcl-1.8\pcl\sample_consensus\sac_model_registration.h : warning C4819: 该文件包含不能在当前代码页(936)中表示的字符。请将该文件保存为 Unicode 格式以防止数据丢失 (编译源文件 .\GeneratedFiles\Debug\moc_PoPoints.cpp)
  PoPoints.vcxproj -> D:\everglow\PoPoints\x64\Debug\PoPoints.exe
